<?xml version="1.0" encoding="UTF-8"?>
<coverage generated="1576283531125" clover="3.2.0">
  <project timestamp="1576283531125" name="All files">
    <metrics statements="34" coveredstatements="33" conditionals="15" coveredconditionals="14" methods="5" coveredmethods="5" elements="54" coveredelements="52" complexity="0" loc="34" ncloc="34" packages="1" files="3" classes="3"/>
    <file name="calculateCenterPoint.ts" path="D:\Repos\useOpenInNewWindow\src\calculateCenterPoint.ts">
      <metrics statements="8" coveredstatements="8" conditionals="8" coveredconditionals="8" methods="1" coveredmethods="1"/>
      <line num="1" count="2" type="stmt"/>
      <line num="2" count="6" type="cond" truecount="2" falsecount="0"/>
      <line num="3" count="6" type="cond" truecount="2" falsecount="0"/>
      <line num="4" count="6" type="cond" truecount="2" falsecount="0"/>
      <line num="5" count="6" type="cond" truecount="2" falsecount="0"/>
      <line num="7" count="6" type="stmt"/>
      <line num="8" count="6" type="stmt"/>
      <line num="10" count="6" type="stmt"/>
    </file>
    <file name="useOpenInWindow.ts" path="D:\Repos\useOpenInNewWindow\src\useOpenInWindow.ts">
      <metrics statements="23" coveredstatements="22" conditionals="7" coveredconditionals="6" methods="2" coveredmethods="2"/>
      <line num="1" count="1" type="stmt"/>
      <line num="3" count="1" type="stmt"/>
      <line num="4" count="1" type="stmt"/>
      <line num="53" count="1" type="stmt"/>
      <line num="64" count="1" type="cond" truecount="1" falsecount="0"/>
      <line num="65" count="4" type="stmt"/>
      <line num="66" count="4" type="stmt"/>
      <line num="67" count="2" type="stmt"/>
      <line num="68" count="2" type="stmt"/>
      <line num="69" count="2" type="stmt"/>
      <line num="70" count="2" type="stmt"/>
      <line num="71" count="2" type="stmt"/>
      <line num="72" count="2" type="stmt"/>
      <line num="74" count="2" type="cond" truecount="1" falsecount="1"/>
      <line num="75" count="2" type="stmt"/>
      <line num="76" count="2" type="stmt"/>
      <line num="77" count="2" type="stmt"/>
      <line num="79" count="0" type="stmt"/>
      <line num="82" count="2" type="stmt"/>
      <line num="85" count="2" type="cond" truecount="4" falsecount="0"/>
      <line num="87" count="2" type="stmt"/>
      <line num="90" count="4" type="stmt"/>
      <line num="93" count="1" type="stmt"/>
    </file>
    <file name="windowOptionsMapper.ts" path="D:\Repos\useOpenInNewWindow\src\windowOptionsMapper.ts">
      <metrics statements="3" coveredstatements="3" conditionals="0" coveredconditionals="0" methods="2" coveredmethods="2"/>
      <line num="1" count="2" type="stmt"/>
      <line num="2" count="17" type="stmt"/>
      <line num="3" count="5" type="stmt"/>
    </file>
  </project>
</coverage>
