{"D:\\Repos\\useOpenInNewWindow\\src\\calculateCenterPoint.ts": {"path":"D:\\Repos\\useOpenInNewWindow\\src\\calculateCenterPoint.ts","statementMap":{"0":{"start":{"line":2,"column":18},"end":{"line":2,"column":53}},"1":{"start":{"line":3,"column":18},"end":{"line":3,"column":52}},"2":{"start":{"line":4,"column":21},"end":{"line":4,"column":78}},"3":{"start":{"line":5,"column":22},"end":{"line":5,"column":81}},"4":{"start":{"line":7,"column":15},"end":{"line":7,"column":55}},"5":{"start":{"line":8,"column":14},"end":{"line":8,"column":56}},"6":{"start":{"line":10,"column":2},"end":{"line":13,"column":4}},"7":{"start":{"line":1,"column":0},"end":{"line":1,"column":16}}},"fnMap":{"0":{"name":"calculateCenterPoint","decl":{"start":{"line":1,"column":16},"end":{"line":1,"column":36}},"loc":{"start":{"line":1,"column":78},"end":{"line":14,"column":1}}}},"branchMap":{"0":{"loc":{"start":{"line":2,"column":18},"end":{"line":2,"column":32}},"type":"binary-expr","locations":[{"start":{"line":2,"column":18},"end":{"line":2,"column":32}},{"start":{"line":2,"column":36},"end":{"line":2,"column":53}}]},"1":{"loc":{"start":{"line":3,"column":18},"end":{"line":3,"column":32}},"type":"binary-expr","locations":[{"start":{"line":3,"column":18},"end":{"line":3,"column":32}},{"start":{"line":3,"column":36},"end":{"line":3,"column":52}}]},"2":{"loc":{"start":{"line":4,"column":21},"end":{"line":4,"column":38}},"type":"binary-expr","locations":[{"start":{"line":4,"column":21},"end":{"line":4,"column":38}},{"start":{"line":4,"column":42},"end":{"line":4,"column":78}}]},"3":{"loc":{"start":{"line":5,"column":22},"end":{"line":5,"column":40}},"type":"binary-expr","locations":[{"start":{"line":5,"column":22},"end":{"line":5,"column":40}},{"start":{"line":5,"column":44},"end":{"line":5,"column":81}}]}},"s":{"0":6,"1":6,"2":6,"3":6,"4":6,"5":6,"6":6,"7":2},"f":{"0":6},"b":{"0":[6,3],"1":[6,6],"2":[6,1],"3":[6,1]}}
,"D:\\Repos\\useOpenInNewWindow\\src\\useOpenInWindow.ts": {"path":"D:\\Repos\\useOpenInNewWindow\\src\\useOpenInWindow.ts","statementMap":{"0":{"start":{"line":1,"column":0},"end":{"line":1,"column":46}},"1":{"start":{"line":3,"column":0},"end":{"line":3,"column":62}},"2":{"start":{"line":4,"column":0},"end":{"line":4,"column":60}},"3":{"start":{"line":53,"column":57},"end":{"line":62,"column":2}},"4":{"start":{"line":64,"column":24},"end":{"line":91,"column":1}},"5":{"start":{"line":65,"column":50},"end":{"line":65,"column":75}},"6":{"start":{"line":66,"column":23},"end":{"line":88,"column":41}},"7":{"start":{"line":67,"column":22},"end":{"line":67,"column":29}},"8":{"start":{"line":68,"column":36},"end":{"line":68,"column":50}},"9":{"start":{"line":69,"column":25},"end":{"line":69,"column":58}},"10":{"start":{"line":70,"column":23},"end":{"line":70,"column":52}},"11":{"start":{"line":71,"column":38},"end":{"line":71,"column":50}},"12":{"start":{"line":72,"column":24},"end":{"line":72,"column":26}},"13":{"start":{"line":74,"column":4},"end":{"line":80,"column":null}},"14":{"start":{"line":75,"column":46},"end":{"line":75,"column":56}},"15":{"start":{"line":76,"column":26},"end":{"line":76,"column":61}},"16":{"start":{"line":77,"column":6},"end":{"line":77,"column":91}},"17":{"start":{"line":79,"column":6},"end":{"line":79,"column":54}},"18":{"start":{"line":82,"column":22},"end":{"line":82,"column":59}},"19":{"start":{"line":85,"column":4},"end":{"line":85,"column":46}},"20":{"start":{"line":85,"column":28},"end":{"line":85,"column":46}},"21":{"start":{"line":87,"column":4},"end":{"line":87,"column":35}},"22":{"start":{"line":90,"column":2},"end":{"line":90,"column":85}},"23":{"start":{"line":93,"column":0},"end":{"line":93,"column":31}}},"fnMap":{"0":{"name":"(anonymous_0)","decl":{"start":{"line":64,"column":24},"end":{"line":64,"column":25}},"loc":{"start":{"line":64,"column":78},"end":{"line":91,"column":1}}},"1":{"name":"(anonymous_1)","decl":{"start":{"line":66,"column":35},"end":{"line":66,"column":38}},"loc":{"start":{"line":66,"column":40},"end":{"line":88,"column":3}}}},"branchMap":{"0":{"loc":{"start":{"line":64,"column":72},"end":{"line":64,"column":74}},"type":"default-arg","locations":[{"start":{"line":64,"column":72},"end":{"line":64,"column":74}}]},"1":{"loc":{"start":{"line":74,"column":4},"end":{"line":80,"column":null}},"type":"if","locations":[{"start":{"line":74,"column":4},"end":{"line":80,"column":null}},{"start":{"line":74,"column":4},"end":{"line":80,"column":null}}]},"2":{"loc":{"start":{"line":85,"column":4},"end":{"line":85,"column":46}},"type":"if","locations":[{"start":{"line":85,"column":4},"end":{"line":85,"column":46}},{"start":{"line":85,"column":4},"end":{"line":85,"column":46}}]},"3":{"loc":{"start":{"line":85,"column":8},"end":{"line":85,"column":13}},"type":"binary-expr","locations":[{"start":{"line":85,"column":8},"end":{"line":85,"column":13}},{"start":{"line":85,"column":17},"end":{"line":85,"column":26}}]}},"s":{"0":1,"1":1,"2":1,"3":1,"4":1,"5":4,"6":4,"7":2,"8":2,"9":2,"10":2,"11":2,"12":2,"13":2,"14":2,"15":2,"16":2,"17":0,"18":2,"19":2,"20":1,"21":2,"22":4,"23":1},"f":{"0":4,"1":2},"b":{"0":[4],"1":[2,0],"2":[1,1],"3":[2,2]}}
,"D:\\Repos\\useOpenInNewWindow\\src\\windowOptionsMapper.ts": {"path":"D:\\Repos\\useOpenInNewWindow\\src\\windowOptionsMapper.ts","statementMap":{"0":{"start":{"line":2,"column":18},"end":{"line":2,"column":81}},"1":{"start":{"line":2,"column":63},"end":{"line":2,"column":80}},"2":{"start":{"line":3,"column":2},"end":{"line":3,"column":27}},"3":{"start":{"line":1,"column":0},"end":{"line":1,"column":16}}},"fnMap":{"0":{"name":"windowOptionsMapper","decl":{"start":{"line":1,"column":16},"end":{"line":1,"column":35}},"loc":{"start":{"line":1,"column":50},"end":{"line":4,"column":1}}},"1":{"name":"(anonymous_1)","decl":{"start":{"line":2,"column":45},"end":{"line":2,"column":46}},"loc":{"start":{"line":2,"column":63},"end":{"line":2,"column":80}}}},"branchMap":{},"s":{"0":5,"1":17,"2":5,"3":2},"f":{"0":5,"1":17},"b":{}}
}
