TN:
SF:D:\Repos\useOpenInNewWindow\src\calculateCenterPoint.ts
FN:1,calculateCenterPoint
FNF:1
FNH:1
FNDA:6,calculateCenterPoint
DA:1,2
DA:2,6
DA:3,6
DA:4,6
DA:5,6
DA:7,6
DA:8,6
DA:10,6
LF:8
LH:8
BRDA:2,0,0,6
BRDA:2,0,1,3
BRDA:3,1,0,6
BRDA:3,1,1,6
BRDA:4,2,0,6
BRDA:4,2,1,1
BRDA:5,3,0,6
BRDA:5,3,1,1
BRF:8
BRH:8
end_of_record
TN:
SF:D:\Repos\useOpenInNewWindow\src\useOpenInWindow.ts
FN:64,(anonymous_0)
FN:66,(anonymous_1)
FNF:2
FNH:2
FNDA:4,(anonymous_0)
FNDA:2,(anonymous_1)
DA:1,1
DA:3,1
DA:4,1
DA:53,1
DA:64,1
DA:65,4
DA:66,4
DA:67,2
DA:68,2
DA:69,2
DA:70,2
DA:71,2
DA:72,2
DA:74,2
DA:75,2
DA:76,2
DA:77,2
DA:79,0
DA:82,2
DA:85,2
DA:87,2
DA:90,4
DA:93,1
LF:23
LH:22
BRDA:64,0,0,4
BRDA:74,1,0,2
BRDA:74,1,1,0
BRDA:85,2,0,1
BRDA:85,2,1,1
BRDA:85,3,0,2
BRDA:85,3,1,2
BRF:7
BRH:6
end_of_record
TN:
SF:D:\Repos\useOpenInNewWindow\src\windowOptionsMapper.ts
FN:1,windowOptionsMapper
FN:2,(anonymous_1)
FNF:2
FNH:2
FNDA:5,windowOptionsMapper
FNDA:17,(anonymous_1)
DA:1,2
DA:2,17
DA:3,5
LF:3
LH:3
BRF:0
BRH:0
end_of_record
